<?xml version="1.0" encoding="UTF-8"?>
<!-- Generated by org.testng.reporters.JUnitReportReporter -->
<testsuite name="test.TC_001" tests="1" time="25.424" ignored="0" failures="0" timestamp="16 Jun 2020 06:21:06 GMT" skipped="0" hostname="ASHWINI-TI11411" errors="0">
  <testcase name="startbrowser" time="25.424" classname="test.TC_001"/>
</testsuite> <!-- test.TC_001 -->
