<?xml version="1.0" encoding="UTF-8"?>
<!-- Generated by org.testng.reporters.JUnitReportReporter -->
<testsuite name="test.TC_003" tests="1" time="15.664" ignored="0" failures="0" timestamp="16 Jun 2020 06:21:06 GMT" skipped="0" hostname="ASHWINI-TI11411" errors="0">
  <testcase name="startbrowser" time="15.664" classname="test.TC_003"/>
</testsuite> <!-- test.TC_003 -->
