<?xml version="1.0" encoding="UTF-8"?>
<!-- Generated by org.testng.reporters.JUnitReportReporter -->
<testsuite name="test.TC_001" tests="1" time="18.013" ignored="0" failures="0" timestamp="15 Jun 2020 17:37:24 GMT" skipped="0" hostname="ASHWINI-TI11411" errors="0">
  <testcase name="startbrowser" time="18.013" classname="test.TC_001"/>
</testsuite> <!-- test.TC_001 -->
