<?xml version="1.0" encoding="UTF-8"?>
<!-- Generated by org.testng.reporters.JUnitReportReporter -->
<testsuite name="test.TC_003" tests="1" time="32.426" ignored="0" failures="0" timestamp="15 Jun 2020 17:34:08 GMT" skipped="0" hostname="ASHWINI-TI11411" errors="0">
  <testcase name="startbrowser" time="32.426" classname="test.TC_003"/>
</testsuite> <!-- test.TC_003 -->
